2025-09-10T10:36:26.145+0800	[34mINFO[0m	go_demo/main.go:31	åº”ç”¨å¯åŠ¨ä¸­...	{"app_name": "demo-service", "version": "1.0.0", "env": "dev", "port": 8080}
2025-09-10T10:36:26.147+0800	[34mINFO[0m	db/mysql.go:21	å¼€å§‹åˆå§‹åŒ–MySQLè¿æ¥	{"dsn": "root:12345***eTime=True&loc=Local", "max_open_conns": 100, "max_idle_conns": 20}
2025-09-10T10:36:26.173+0800	[31mERROR[0m	db/mysql.go:51	æ•°æ®åº“è¿æ¥å¤±è´¥	{"error": "Error 1049 (42000): Unknown database 'go_demo'"}
2025-09-10T10:36:26.173+0800	[31mFATAL[0m	go_demo/main.go:39	mysqlè¿æ¥å¤±è´¥	{"error": "æ•°æ®åº“è¿æ¥å¤±è´¥: Error 1049 (42000): Unknown database 'go_demo'"}
2025-09-10T10:38:35.409+0800	[34mINFO[0m	go_demo/main.go:31	åº”ç”¨å¯åŠ¨ä¸­...	{"app_name": "demo-service", "version": "1.0.0", "env": "dev", "port": 8080}
2025-09-10T10:38:35.411+0800	[34mINFO[0m	db/mysql.go:21	å¼€å§‹åˆå§‹åŒ–MySQLè¿æ¥	{"dsn": "root:12345***eTime=True&loc=Local", "max_open_conns": 100, "max_idle_conns": 20}
2025-09-10T10:38:35.425+0800	[34mINFO[0m	db/mysql.go:82	MySQLè¿æ¥åˆå§‹åŒ–æˆåŠŸ	{"max_open_conns": 100, "max_idle_conns": 20, "log_mode": true}
2025-09-10T10:38:35.426+0800	[34mINFO[0m	go_demo/main.go:48	æœåŠ¡å¯åŠ¨åœ¨ç«¯å£: :8080
2025-09-10T11:29:12.021+0800	[34mINFO[0m	go_demo/main.go:31	åº”ç”¨å¯åŠ¨ä¸­...	{"app_name": "demo-service", "version": "1.0.0", "env": "dev", "port": 8080}
2025-09-10T11:29:12.021+0800	[34mINFO[0m	db/mysql.go:21	å¼€å§‹åˆå§‹åŒ–MySQLè¿æ¥	{"dsn": "root:12345***eTime=True&loc=Local", "max_open_conns": 100, "max_idle_conns": 20}
2025-09-10T11:29:12.095+0800	[34mINFO[0m	db/mysql.go:82	MySQLè¿æ¥åˆå§‹åŒ–æˆåŠŸ	{"max_open_conns": 100, "max_idle_conns": 20, "log_mode": true}
2025-09-10T11:29:12.095+0800	[34mINFO[0m	routes/router.go:25	è·¯ç”±ä¸­é—´ä»¶åˆå§‹åŒ–å®Œæˆ
2025-09-10T11:29:12.095+0800	[34mINFO[0m	routes/router.go:76	è·¯ç”±åˆå§‹åŒ–å®Œæˆ	{"user_routes": 5, "article_routes": 5, "auth_routes": 3}
2025-09-10T11:29:12.095+0800	[34mINFO[0m	go_demo/main.go:48	æœåŠ¡å¯åŠ¨åœ¨ç«¯å£: :8080
2025-09-10T11:29:12.095+0800	[31mFATAL[0m	go_demo/main.go:50	æœåŠ¡å¯åŠ¨å¤±è´¥	{"error": "listen tcp :8080: bind: address already in use"}
2025-09-10T11:29:38.159+0800	[34mINFO[0m	go_demo/main.go:31	åº”ç”¨å¯åŠ¨ä¸­...	{"app_name": "demo-service", "version": "1.0.0", "env": "dev", "port": 8081}
2025-09-10T11:29:38.159+0800	[34mINFO[0m	db/mysql.go:21	å¼€å§‹åˆå§‹åŒ–MySQLè¿æ¥	{"dsn": "root:12345***eTime=True&loc=Local", "max_open_conns": 100, "max_idle_conns": 20}
2025-09-10T11:29:38.171+0800	[34mINFO[0m	db/mysql.go:82	MySQLè¿æ¥åˆå§‹åŒ–æˆåŠŸ	{"max_open_conns": 100, "max_idle_conns": 20, "log_mode": true}
2025-09-10T11:29:38.171+0800	[34mINFO[0m	routes/router.go:25	è·¯ç”±ä¸­é—´ä»¶åˆå§‹åŒ–å®Œæˆ
2025-09-10T11:29:38.171+0800	[34mINFO[0m	routes/router.go:76	è·¯ç”±åˆå§‹åŒ–å®Œæˆ	{"user_routes": 5, "article_routes": 5, "auth_routes": 3}
2025-09-10T11:29:38.171+0800	[34mINFO[0m	go_demo/main.go:48	æœåŠ¡å¯åŠ¨åœ¨ç«¯å£: :8081
2025-09-10T11:30:33.761+0800	[34mINFO[0m	go_demo/main.go:31	åº”ç”¨å¯åŠ¨ä¸­...	{"app_name": "demo-service", "version": "1.0.0", "env": "dev", "port": 8081}
2025-09-10T11:30:33.761+0800	[34mINFO[0m	db/mysql.go:21	å¼€å§‹åˆå§‹åŒ–MySQLè¿æ¥	{"dsn": "root:12345***eTime=True&loc=Local", "max_open_conns": 100, "max_idle_conns": 20}
2025-09-10T11:30:33.789+0800	[34mINFO[0m	db/mysql.go:82	MySQLè¿æ¥åˆå§‹åŒ–æˆåŠŸ	{"max_open_conns": 100, "max_idle_conns": 20, "log_mode": true}
2025-09-10T11:30:33.789+0800	[34mINFO[0m	routes/router.go:25	è·¯ç”±ä¸­é—´ä»¶åˆå§‹åŒ–å®Œæˆ
2025-09-10T11:30:33.789+0800	[34mINFO[0m	routes/router.go:76	è·¯ç”±åˆå§‹åŒ–å®Œæˆ	{"user_routes": 5, "article_routes": 5, "auth_routes": 3}
2025-09-10T11:30:33.789+0800	[34mINFO[0m	go_demo/main.go:48	æœåŠ¡å¯åŠ¨åœ¨ç«¯å£: :8081
2025-09-10T11:30:33.789+0800	[31mFATAL[0m	go_demo/main.go:50	æœåŠ¡å¯åŠ¨å¤±è´¥	{"error": "listen tcp :8081: bind: address already in use"}
2025-09-10T11:43:08.873+0800	[34mINFO[0m	go_demo/main.go:31	åº”ç”¨å¯åŠ¨ä¸­...	{"app_name": "demo-service", "version": "1.0.0", "env": "dev", "port": 8081}
2025-09-10T11:43:08.874+0800	[34mINFO[0m	db/mysql.go:21	å¼€å§‹åˆå§‹åŒ–MySQLè¿æ¥	{"dsn": "root:12345***eTime=True&loc=Local", "max_open_conns": 100, "max_idle_conns": 20}
2025-09-10T11:43:08.908+0800	[34mINFO[0m	db/mysql.go:82	MySQLè¿æ¥åˆå§‹åŒ–æˆåŠŸ	{"max_open_conns": 100, "max_idle_conns": 20, "log_mode": true}
2025-09-10T11:43:08.908+0800	[34mINFO[0m	routes/router.go:26	è·¯ç”±ä¸­é—´ä»¶åˆå§‹åŒ–å®Œæˆ
2025-09-10T11:43:08.908+0800	[34mINFO[0m	routes/router.go:80	è·¯ç”±åˆå§‹åŒ–å®Œæˆ	{"user_routes": 5, "article_routes": 5, "auth_routes": 3}
2025-09-10T11:43:08.908+0800	[34mINFO[0m	go_demo/main.go:48	æœåŠ¡å¯åŠ¨åœ¨ç«¯å£: :8081
2025-09-10T11:43:08.908+0800	[31mFATAL[0m	go_demo/main.go:50	æœåŠ¡å¯åŠ¨å¤±è´¥	{"error": "listen tcp :8081: bind: address already in use"}
2025-09-10T11:43:29.830+0800	[34mINFO[0m	go_demo/main.go:31	åº”ç”¨å¯åŠ¨ä¸­...	{"app_name": "demo-service", "version": "1.0.0", "env": "dev", "port": 8081}
2025-09-10T11:43:29.831+0800	[34mINFO[0m	db/mysql.go:21	å¼€å§‹åˆå§‹åŒ–MySQLè¿æ¥	{"dsn": "root:12345***eTime=True&loc=Local", "max_open_conns": 100, "max_idle_conns": 20}
2025-09-10T11:43:29.838+0800	[34mINFO[0m	db/mysql.go:82	MySQLè¿æ¥åˆå§‹åŒ–æˆåŠŸ	{"max_open_conns": 100, "max_idle_conns": 20, "log_mode": true}
2025-09-10T11:43:29.838+0800	[34mINFO[0m	routes/router.go:26	è·¯ç”±ä¸­é—´ä»¶åˆå§‹åŒ–å®Œæˆ
2025-09-10T11:43:29.838+0800	[34mINFO[0m	routes/router.go:80	è·¯ç”±åˆå§‹åŒ–å®Œæˆ	{"user_routes": 5, "article_routes": 5, "auth_routes": 3}
2025-09-10T11:43:29.838+0800	[34mINFO[0m	go_demo/main.go:48	æœåŠ¡å¯åŠ¨åœ¨ç«¯å£: :8081
2025-09-10T11:43:29.838+0800	[31mFATAL[0m	go_demo/main.go:50	æœåŠ¡å¯åŠ¨å¤±è´¥	{"error": "listen tcp :8081: bind: address already in use"}
2025-09-10T11:44:00.916+0800	[34mINFO[0m	go_demo/main.go:31	åº”ç”¨å¯åŠ¨ä¸­...	{"app_name": "demo-service", "version": "1.0.0", "env": "dev", "port": 8081}
2025-09-10T11:44:00.918+0800	[34mINFO[0m	db/mysql.go:21	å¼€å§‹åˆå§‹åŒ–MySQLè¿æ¥	{"dsn": "root:12345***eTime=True&loc=Local", "max_open_conns": 100, "max_idle_conns": 20}
2025-09-10T11:44:00.931+0800	[34mINFO[0m	db/mysql.go:82	MySQLè¿æ¥åˆå§‹åŒ–æˆåŠŸ	{"max_open_conns": 100, "max_idle_conns": 20, "log_mode": true}
2025-09-10T11:44:00.931+0800	[34mINFO[0m	routes/router.go:26	è·¯ç”±ä¸­é—´ä»¶åˆå§‹åŒ–å®Œæˆ
2025-09-10T11:44:00.932+0800	[34mINFO[0m	routes/router.go:80	è·¯ç”±åˆå§‹åŒ–å®Œæˆ	{"user_routes": 5, "article_routes": 5, "auth_routes": 3}
2025-09-10T11:44:00.932+0800	[34mINFO[0m	go_demo/main.go:48	æœåŠ¡å¯åŠ¨åœ¨ç«¯å£: :8081
2025-09-10T11:44:32.553+0800	[34mINFO[0m	controllers/login_controller.go:44	ç”¨æˆ·ç™»å½•è¯·æ±‚	{"request_id": "20250910114432-AIIIII", "username": "admin", "client_ip": "127.0.0.1", "user_agent": "curl/8.7.1"}
2025-09-10T11:44:32.553+0800	[34mINFO[0m	controllers/login_controller.go:68	ç”¨æˆ·ç™»å½•æˆåŠŸ	{"request_id": "20250910114432-AIIIII", "username": "admin", "user_id": 1, "client_ip": "127.0.0.1", "expires_at": "2025-09-11T11:44:32.553+0800"}
2025-09-10T11:44:32.553+0800	[34mINFO[0m	routes/middleware.go:36	HTTPè¯·æ±‚	{"client_ip": "127.0.0.1", "method": "POST", "path": "/api/v1/auth/login", "protocol": "HTTP/1.1", "status_code": 200, "latency": "3.424959ms", "user_agent": "curl/8.7.1"}
2025-09-10T11:44:35.311+0800	[34mINFO[0m	controllers/login_controller.go:44	ç”¨æˆ·ç™»å½•è¯·æ±‚	{"request_id": "20250910114435-WWWWWW", "username": "admin", "client_ip": "127.0.0.1", "user_agent": "curl/8.7.1"}
2025-09-10T11:44:35.311+0800	[34mINFO[0m	controllers/login_controller.go:68	ç”¨æˆ·ç™»å½•æˆåŠŸ	{"request_id": "20250910114435-WWWWWW", "username": "admin", "user_id": 1, "client_ip": "127.0.0.1", "expires_at": "2025-09-11T11:44:35.311+0800"}
2025-09-10T11:44:35.311+0800	[34mINFO[0m	routes/middleware.go:36	HTTPè¯·æ±‚	{"client_ip": "127.0.0.1", "method": "POST", "path": "/api/v1/auth/login", "protocol": "HTTP/1.1", "status_code": 200, "latency": "426.167Âµs", "user_agent": "curl/8.7.1"}
2025-09-10T11:44:47.556+0800	[34mINFO[0m	controllers/user_controller.go:30	è·å–ç”¨æˆ·åˆ—è¡¨è¯·æ±‚	{"request_id": "20250910114447-yyyyyy", "client_ip": "127.0.0.1"}
2025-09-10T11:44:47.557+0800	[34mINFO[0m	routes/middleware.go:36	HTTPè¯·æ±‚	{"client_ip": "127.0.0.1", "method": "GET", "path": "/api/v1/users", "protocol": "HTTP/1.1", "status_code": 200, "latency": "373.334Âµs", "user_agent": "curl/8.7.1"}
2025-09-10T11:45:01.917+0800	[34mINFO[0m	controllers/login_controller.go:159	ç”¨æˆ·æ³¨å†Œè¯·æ±‚	{"request_id": "20250910114501-kkkkkk", "username": "testuser", "email": "test@example.com", "name": "æµ‹è¯•ç”¨æˆ·", "client_ip": "127.0.0.1"}
2025-09-10T11:45:01.918+0800	[34mINFO[0m	controllers/login_controller.go:183	ç”¨æˆ·æ³¨å†ŒæˆåŠŸ	{"request_id": "20250910114501-kkkkkk", "username": "testuser", "email": "test@example.com", "user_id": 5, "client_ip": "127.0.0.1"}
2025-09-10T11:45:01.918+0800	[34mINFO[0m	routes/middleware.go:36	HTTPè¯·æ±‚	{"client_ip": "127.0.0.1", "method": "POST", "path": "/api/v1/auth/register", "protocol": "HTTP/1.1", "status_code": 201, "latency": "2.165416ms", "user_agent": "curl/8.7.1"}
2025-09-10T13:06:52.522+0800	[34mINFO[0m	server/main.go:43	æœåŠ¡å¯åŠ¨ä¸­...	{"app_name": "go-demo", "version": "1.0.0", "env": "dev"}
2025-09-10T13:06:52.570+0800	[34mINFO[0m	server/main.go:95	HTTPæœåŠ¡å™¨å¯åŠ¨	{"port": 8081}
2025-09-10T13:06:52.570+0800	[31mFATAL[0m	server/main.go:97	æœåŠ¡å™¨å¯åŠ¨å¤±è´¥	{"error": "listen tcp :8081: bind: address already in use"}
2025-09-10T13:12:39.863+0800	[34mINFO[0m	server/main.go:43	æœåŠ¡å¯åŠ¨ä¸­...	{"app_name": "go-demo", "version": "1.0.0", "env": "dev"}
2025-09-10T13:12:39.910+0800	[34mINFO[0m	server/main.go:95	HTTPæœåŠ¡å™¨å¯åŠ¨	{"port": 8081}
2025-09-10T13:12:39.910+0800	[31mFATAL[0m	server/main.go:97	æœåŠ¡å™¨å¯åŠ¨å¤±è´¥	{"error": "listen tcp :8081: bind: address already in use"}
2025-09-10T13:15:13.542+0800	[34mINFO[0m	server/main.go:44	æœåŠ¡å¯åŠ¨ä¸­...	{"app_name": "go-demo", "version": "1.0.0", "env": "dev"}
2025-09-10T13:15:13.589+0800	[34mINFO[0m	server/main.go:97	HTTPæœåŠ¡å™¨å¯åŠ¨	{"port": 8080}
2025-09-10T13:15:15.768+0800	[34mINFO[0m	routes/router.go:93	å¥åº·æ£€æŸ¥è¯·æ±‚	{"request_id": "20250910131515-yuCCCC", "client_ip": "127.0.0.1"}
2025-09-10T13:15:15.771+0800	[34mINFO[0m	routes/middleware.go:36	HTTPè¯·æ±‚	{"client_ip": "127.0.0.1", "method": "GET", "path": "/health", "protocol": "HTTP/1.1", "status_code": 200, "latency": "5.173083ms", "user_agent": "curl/8.7.1"}
2025-09-10T13:15:15.792+0800	[34mINFO[0m	server/main.go:108	æœåŠ¡å™¨æ­£åœ¨å…³é—­...
2025-09-10T13:15:15.792+0800	[34mINFO[0m	server/main.go:118	æœåŠ¡å™¨å·²å…³é—­
2025-09-10T14:25:05.241+0800	[34mINFO[0m	server/main.go:44	æœåŠ¡å¯åŠ¨ä¸­...	{"app_name": "go-demo", "version": "1.0.0", "env": "dev"}
2025-09-10T14:25:05.312+0800	[34mINFO[0m	server/main.go:97	HTTPæœåŠ¡å™¨å¯åŠ¨	{"port": 8080}
2025-09-10T14:25:07.398+0800	[34mINFO[0m	server/main.go:108	æœåŠ¡å™¨æ­£åœ¨å…³é—­...
2025-09-10T14:25:07.399+0800	[34mINFO[0m	server/main.go:118	æœåŠ¡å™¨å·²å…³é—­
